SKETCH version 1.7.6
Benchmark = benchmarks-sketch/closest_cube_root.sk
/* BEGIN PACKAGE ANONYMOUS*/
/*closest..e_root.sk:1*/

void closest_cube_root (float a)/*closest..e_root.sk:1*/
{
  assume (a >= (0.0)): "Assume at closest..e_root.sk:2"; //Assume at closest..e_root.sk:2
  float x = a;
  float r = 1.0;
  float s = 3.25;
  while(x >= s)
  {
    assert (((x >= (0.0)) && (((((-(12.0)) * r) * r) + ((4.0) * s)) == (1.0))) && (((((((((4.0) * r) * r) * r) - (((6.0) * r) * r)) + ((3.0) * r)) + ((4.0) * x)) - ((4.0) * a)) == (1.0))); //Assert at closest..e_root.sk:8 (4)
    x = ((x * (0.0)) + (s * (0.0))) + (0.0);
    s = ((s * (0.0)) + (r * (0.0))) + (0.0);
    r = r + (1.0);
  }
  assert ((((((((4.0) * r) * r) * r) + (((6.0) * r) * r)) + ((3.0) * r)) >= ((4.0) * a)) && (((4.0) * a) >= (((((((4.0) * r) * r) * r) - (((6.0) * r) * r)) + ((3.0) * r)) - (1.0)))); //Assert at closest..e_root.sk:13 (2)
}
/*closest..e_root.sk:1*/

void closest_cube_root__Wrapper (float a)  implements closest_cube_root__WrapperNospec/*closest..e_root.sk:1*/
{
  closest_cube_root(a);
}
/*closest..e_root.sk:1*/

void closest_cube_root__WrapperNospec (float a)/*closest..e_root.sk:1*/
{ }
/* END PACKAGE ANONYMOUS*/
[SKETCH] DONE
Total time = 182
