SKETCH version 1.7.6
Benchmark = benchmarks-sketch/if_else_trivial.sk
/* BEGIN PACKAGE ANONYMOUS*/
/*if_else..rivial.sk:1*/

void if_else_trivial (int x, int y_0)/*if_else..rivial.sk:1*/
{
  int y = y_0;
  assume (x >= 0): "Assume at if_else..rivial.sk:2"; //Assume at if_else..rivial.sk:2
  y = y_0 - 16;
  int z = 0;
  if(y >= 0)/*if_else..rivial.sk:5*/
  {
    z = x + y;
  }
  if(y < 0)/*if_else..rivial.sk:9*/
  {
    z = (x + y) + 20;
  }
  assert (z >= 0); //Assert at if_else..rivial.sk:13 (2)
}
/*if_else..rivial.sk:1*/

void if_else_trivial__Wrapper (int x, int y)  implements if_else_trivial__WrapperNospec/*if_else..rivial.sk:1*/
{
  if_else_trivial(x, y);
}
/*if_else..rivial.sk:1*/

void if_else_trivial__WrapperNospec (int x, int y)/*if_else..rivial.sk:1*/
{ }
/* END PACKAGE ANONYMOUS*/
[SKETCH] DONE
Total time = 167
